2024-11-16 14:49:16,570 [INFO] Starting scan for https://techstore.com.pk/
2024-11-16 14:51:58,603 [ERROR] An error occurred: VulnerabilityScanner.check_insecure_headers() takes 1 positional argument but 2 were given
2024-11-16 16:38:21,891 [INFO] Starting scan for https://www.apple.com/
2024-11-16 16:44:43,651 [INFO] Starting scan for https://www.apple.com/
2024-11-16 16:57:13,759 [INFO] Starting scan for http:\\techhunt.pk
2024-11-16 16:57:13,795 [INFO] Scan completed successfully
2024-11-16 16:57:47,668 [INFO] Starting scan for https://www.techhunk.pk/
2024-11-16 16:59:29,637 [ERROR] An error occurred: VulnerabilityScanner.check_insecure_headers() takes 1 positional argument but 2 were given
2024-11-16 17:30:16,736 [INFO] Starting scan for https://stormfiber.com/
2024-11-16 17:32:17,113 [ERROR] An error occurred: VulnerabilityScanner.check_insecure_headers() takes 1 positional argument but 2 were given
2024-11-16 17:34:51,507 [INFO] Starting scan for https://stormfiber.com/
2024-11-16 17:36:50,716 [ERROR] An error occurred: VulnerabilityScanner.check_insecure_headers() takes 1 positional argument but 2 were given
2024-11-16 17:44:21,398 [INFO] Starting scan for https://stormfiber.com/
2024-11-16 17:44:22,137 [ERROR] An error occurred: 'Crawler' object has no attribute 'crawl_from_sitemap'
2024-11-16 17:45:55,058 [INFO] Starting scan for https://stormfiber.com/
2024-11-16 17:46:41,415 [ERROR] An error occurred: VulnerabilityScanner.check_insecure_headers() takes 1 positional argument but 2 were given
2024-11-16 17:51:15,007 [INFO] Starting scan for https://stormfiber.com/
2024-11-16 17:52:01,239 [ERROR] An error occurred: VulnerabilityScanner.check_insecure_headers() takes 1 positional argument but 2 were given
2024-11-16 17:55:08,663 [INFO] Starting scan for https://owasp.org/www-project-web-security-testing-guide/
2024-11-16 17:55:10,344 [INFO] Scan completed successfully
2024-11-16 17:58:07,598 [INFO] Starting scan for https://www.sadiqstore.com/
2024-11-16 18:12:32,743 [ERROR] An error occurred: VulnerabilityScanner.check_insecure_headers() takes 1 positional argument but 2 were given
2024-11-16 18:18:15,079 [INFO] Starting scan for https://www.sadiqstore.com/
2024-11-16 18:35:06,045 [ERROR] An error occurred: VulnerabilityScanner.check_insecure_headers() takes 1 positional argument but 2 were given
2024-11-16 21:39:25,221 [INFO] Starting scan for https://www.techhunk.pk/
2024-11-16 22:34:41,688 [ERROR] An error occurred: VulnerabilityScanner.check_insecure_headers() takes 1 positional argument but 2 were given
2024-11-16 22:42:14,793 [INFO] Starting scan for https://www.sadiqstore.com/
2024-11-16 23:00:40,500 [ERROR] An error occurred: VulnerabilityScanner.check_insecure_headers() takes 1 positional argument but 2 were given
2024-11-16 23:10:59,198 [INFO] Starting scan for https://clicking.toys/flip-grid/neat-nine/3-holes/
2024-11-16 23:11:00,113 [INFO] Scan completed successfully
2024-11-16 23:12:00,570 [INFO] Starting scan for https://weirdorconfusing.com/
2024-11-16 23:12:01,893 [INFO] Scan completed successfully
2024-11-16 23:16:30,884 [INFO] Starting scan for https://www.sadiqstore.com/
2024-11-16 23:38:25,902 [ERROR] An error occurred: VulnerabilityScanner.check_insecure_headers() takes 1 positional argument but 2 were given
